[debug] [2023-06-02T14:35:24.084Z] ----------------------------------------------------------------------
[debug] [2023-06-02T14:35:24.087Z] Command:       C:\Program Files\nodejs\node.exe C:\Users\ENG. HAMSE EID\AppData\Roaming\npm\node_modules\firebase-tools\lib\bin\firebase.js login
[debug] [2023-06-02T14:35:24.087Z] CLI Version:   12.3.0
[debug] [2023-06-02T14:35:24.088Z] Platform:      win32
[debug] [2023-06-02T14:35:24.088Z] Node Version:  v18.15.0
[debug] [2023-06-02T14:35:24.089Z] Time:          Fri Jun 02 2023 07:35:24 GMT-0700 (Pacific Daylight Time)
[debug] [2023-06-02T14:35:24.090Z] ----------------------------------------------------------------------
[debug] 
[info] Already logged in as eidxamse83@gmail.com
[debug] [2023-06-02T14:35:34.207Z] Error: Timed out.
    at Timeout._onTimeout (C:\Users\ENG. HAMSE EID\AppData\Roaming\npm\node_modules\firebase-tools\lib\utils.js:253:49)
    at listOnTimeout (node:internal/timers:569:17)
    at process.processTimers (node:internal/timers:512:7)
[error] 
[error] Error: An unexpected error has occurred.
[debug] [2023-06-02T14:35:44.264Z] ----------------------------------------------------------------------
[debug] [2023-06-02T14:35:44.268Z] Command:       C:\Program Files\nodejs\node.exe C:\Users\ENG. HAMSE EID\AppData\Roaming\npm\node_modules\firebase-tools\lib\bin\firebase.js init
[debug] [2023-06-02T14:35:44.268Z] CLI Version:   12.3.0
[debug] [2023-06-02T14:35:44.269Z] Platform:      win32
[debug] [2023-06-02T14:35:44.269Z] Node Version:  v18.15.0
[debug] [2023-06-02T14:35:44.271Z] Time:          Fri Jun 02 2023 07:35:44 GMT-0700 (Pacific Daylight Time)
[debug] [2023-06-02T14:35:44.271Z] ----------------------------------------------------------------------
[debug] 
[debug] [2023-06-02T14:35:44.283Z] > command requires scopes: ["email","openid","https://www.googleapis.com/auth/cloudplatformprojects.readonly","https://www.googleapis.com/auth/firebase","https://www.googleapis.com/auth/cloud-platform"]
[debug] [2023-06-02T14:35:44.284Z] > authorizing via signed-in user (eidxamse83@gmail.com)
[info] 
     ######## #### ########  ######## ########     ###     ######  ########
     ##        ##  ##     ## ##       ##     ##  ##   ##  ##       ##
     ######    ##  ########  ######   ########  #########  ######  ######
     ##        ##  ##    ##  ##       ##     ## ##     ##       ## ##
     ##       #### ##     ## ######## ########  ##     ##  ######  ########

You're about to initialize a Firebase project in this directory:

  C:\Users\ENG. HAMSE EID\Desktop\shareinfo\share

[debug] [2023-06-02T14:36:00.692Z] Error: Timed out.
    at Timeout._onTimeout (C:\Users\ENG. HAMSE EID\AppData\Roaming\npm\node_modules\firebase-tools\lib\utils.js:253:49)
    at listOnTimeout (node:internal/timers:569:17)
    at process.processTimers (node:internal/timers:512:7)
[error] 
[error] Error: An unexpected error has occurred.
